login_firebase/app/build/intermediates/manifest_merge_blame_file/debug/manifest-merger-blame-debug-report.txt
1<?xml version="1.0" encoding="utf-8"?>
2<manifest xmlns:android="http://schemas.android.com/apk/res/android"
3    package="com.e.studyapplogin"
4    android:versionCode="1"
5    android:versionName="1.0" >
6
7    <uses-sdk
8        android:minSdkVersion="29"
8-->src\main\AndroidManifest.xml
9        android:targetSdkVersion="30" />
9-->src\main\AndroidManifest.xml
10
11    <uses-permission android:name="android.permission.INTERNET" />
11-->src\main\AndroidManifest.xml:6:5-67
11-->src\main\AndroidManifest.xml:6:22-64
12    <uses-permission android:name="android.permission.ACCESS_NETWORK_STATE" />
12-->[com.google.firebase:firebase-auth:20.0.1] AndroidManifest.xml:24:5-79
12-->[com.google.firebase:firebase-auth:20.0.1] AndroidManifest.xml:24:22-76
13    <uses-permission android:name="android.permission.WAKE_LOCK" />
13-->[com.google.android.gms:play-services-measurement-api:18.0.0] AndroidManifest.xml:24:5-68
13-->[com.google.android.gms:play-services-measurement-api:18.0.0] AndroidManifest.xml:24:22-65
14    <uses-permission android:name="com.google.android.finsky.permission.BIND_GET_INSTALL_REFERRER_SERVICE" />
14-->[com.google.android.gms:play-services-measurement:18.0.0] AndroidManifest.xml:26:5-110
14-->[com.google.android.gms:play-services-measurement:18.0.0] AndroidManifest.xml:26:22-107
15
16    <application
16-->src\main\AndroidManifest.xml:8:5-27:19
17        android:allowBackup="true"
17-->src\main\AndroidManifest.xml:9:9-35
18        android:appComponentFactory="androidx.core.app.CoreComponentFactory"
18-->[androidx.core:core:1.3.2] AndroidManifest.xml:24:18-86
19        android:debuggable="true"
20        android:extractNativeLibs="false"
21        android:icon="@mipmap/ic_launcher"
21-->src\main\AndroidManifest.xml:10:9-43
22        android:label="@string/app_name"
22-->src\main\AndroidManifest.xml:11:9-41
23        android:roundIcon="@mipmap/ic_launcher_round"
23-->src\main\AndroidManifest.xml:12:9-54
24        android:supportsRtl="true"
24-->src\main\AndroidManifest.xml:14:9-35
25        android:testOnly="true"
26        android:theme="@style/AppTheme"
26-->src\main\AndroidManifest.xml:15:9-40
27        android:usesCleartextTraffic="true" >
27-->src\main\AndroidManifest.xml:13:9-44
28        <activity android:name="com.e.studyapplogin.MainActivity" >
28-->src\main\AndroidManifest.xml:17:9-23:20
28-->src\main\AndroidManifest.xml:17:19-47
29            <intent-filter>
29-->src\main\AndroidManifest.xml:18:13-22:29
30                <action android:name="android.intent.action.MAIN" />
30-->src\main\AndroidManifest.xml:19:17-69
30-->src\main\AndroidManifest.xml:19:25-66
31
32                <category android:name="android.intent.category.LAUNCHER" />
32-->src\main\AndroidManifest.xml:21:17-77
32-->src\main\AndroidManifest.xml:21:27-74
33            </intent-filter>
34        </activity>
35        <activity android:name="com.e.studyapplogin.LoginActivity" />
35-->src\main\AndroidManifest.xml:24:9-70
35-->src\main\AndroidManifest.xml:24:19-67
36        <activity android:name="com.e.studyapplogin.RegistrationActivity" />
36-->src\main\AndroidManifest.xml:25:9-77
36-->src\main\AndroidManifest.xml:25:19-74
37        <activity android:name="com.e.studyapplogin.DashboardActivity" />
37-->src\main\AndroidManifest.xml:26:9-74
37-->src\main\AndroidManifest.xml:26:19-71
38
39        <service
39-->[com.google.firebase:firebase-analytics-ktx:18.0.0] AndroidManifest.xml:8:9-14:19
40            android:name="com.google.firebase.components.ComponentDiscoveryService"
40-->[com.google.firebase:firebase-analytics-ktx:18.0.0] AndroidManifest.xml:9:13-84
41            android:directBootAware="true"
41-->[com.google.firebase:firebase-common:19.4.0] AndroidManifest.xml:35:13-43
42            android:exported="false" >
42-->[com.google.firebase:firebase-analytics-ktx:18.0.0] AndroidManifest.xml:10:13-37
43            <meta-data
43-->[com.google.firebase:firebase-analytics-ktx:18.0.0] AndroidManifest.xml:11:13-13:85
44                android:name="com.google.firebase.components:com.google.firebase.analytics.ktx.FirebaseAnalyticsKtxRegistrar"
44-->[com.google.firebase:firebase-analytics-ktx:18.0.0] AndroidManifest.xml:12:17-126
45                android:value="com.google.firebase.components.ComponentRegistrar" />
45-->[com.google.firebase:firebase-analytics-ktx:18.0.0] AndroidManifest.xml:13:17-82
46            <meta-data
46-->[com.google.firebase:firebase-database-ktx:19.5.1] AndroidManifest.xml:15:13-17:85
47                android:name="com.google.firebase.components:com.google.firebase.database.ktx.FirebaseDatabaseKtxRegistrar"
47-->[com.google.firebase:firebase-database-ktx:19.5.1] AndroidManifest.xml:16:17-124
48                android:value="com.google.firebase.components.ComponentRegistrar" />
48-->[com.google.firebase:firebase-database-ktx:19.5.1] AndroidManifest.xml:17:17-82
49            <meta-data
49-->[com.google.firebase:firebase-firestore-ktx:22.0.0] AndroidManifest.xml:15:13-17:85
50                android:name="com.google.firebase.components:com.google.firebase.firestore.ktx.FirebaseFirestoreKtxRegistrar"
50-->[com.google.firebase:firebase-firestore-ktx:22.0.0] AndroidManifest.xml:16:17-126
51                android:value="com.google.firebase.components.ComponentRegistrar" />
51-->[com.google.firebase:firebase-firestore-ktx:22.0.0] AndroidManifest.xml:17:17-82
52            <meta-data
52-->[com.google.firebase:firebase-auth-ktx:20.0.1] AndroidManifest.xml:11:13-13:85
53                android:name="com.google.firebase.components:com.google.firebase.auth.ktx.FirebaseAuthKtxRegistrar"
53-->[com.google.firebase:firebase-auth-ktx:20.0.1] AndroidManifest.xml:12:17-116
54                android:value="com.google.firebase.components.ComponentRegistrar" />
54-->[com.google.firebase:firebase-auth-ktx:20.0.1] AndroidManifest.xml:13:17-82
55            <meta-data
55-->[com.google.firebase:firebase-common-ktx:19.4.0] AndroidManifest.xml:15:13-17:85
56                android:name="com.google.firebase.components:com.google.firebase.ktx.FirebaseCommonKtxRegistrar"
56-->[com.google.firebase:firebase-common-ktx:19.4.0] AndroidManifest.xml:16:17-113
57                android:value="com.google.firebase.components.ComponentRegistrar" />
57-->[com.google.firebase:firebase-common-ktx:19.4.0] AndroidManifest.xml:17:17-82
58            <meta-data
58-->[com.google.firebase:firebase-auth:20.0.1] AndroidManifest.xml:77:13-79:85
59                android:name="com.google.firebase.components:com.google.firebase.auth.FirebaseAuthRegistrar"
59-->[com.google.firebase:firebase-auth:20.0.1] AndroidManifest.xml:78:17-109
60                android:value="com.google.firebase.components.ComponentRegistrar" />
60-->[com.google.firebase:firebase-auth:20.0.1] AndroidManifest.xml:79:17-82
61            <meta-data
61-->[com.google.firebase:firebase-database:19.5.1] AndroidManifest.xml:32:13-34:85
62                android:name="com.google.firebase.components:com.google.firebase.database.DatabaseRegistrar"
62-->[com.google.firebase:firebase-database:19.5.1] AndroidManifest.xml:33:17-109
63                android:value="com.google.firebase.components.ComponentRegistrar" />
63-->[com.google.firebase:firebase-database:19.5.1] AndroidManifest.xml:34:17-82
64            <meta-data
64-->[com.google.firebase:firebase-firestore:22.0.0] AndroidManifest.xml:20:13-22:85
65                android:name="com.google.firebase.components:com.google.firebase.firestore.FirestoreRegistrar"
65-->[com.google.firebase:firebase-firestore:22.0.0] AndroidManifest.xml:21:17-111
66                android:value="com.google.firebase.components.ComponentRegistrar" />
66-->[com.google.firebase:firebase-firestore:22.0.0] AndroidManifest.xml:22:17-82
67            <meta-data
67-->[com.google.android.gms:play-services-measurement-api:18.0.0] AndroidManifest.xml:30:13-32:85
68                android:name="com.google.firebase.components:com.google.firebase.analytics.connector.internal.AnalyticsConnectorRegistrar"
68-->[com.google.android.gms:play-services-measurement-api:18.0.0] AndroidManifest.xml:31:17-139
69                android:value="com.google.firebase.components.ComponentRegistrar" />
69-->[com.google.android.gms:play-services-measurement-api:18.0.0] AndroidManifest.xml:32:17-82
70            <meta-data
70-->[com.google.firebase:firebase-installations:16.3.4] AndroidManifest.xml:18:13-20:85
71                android:name="com.google.firebase.components:com.google.firebase.installations.FirebaseInstallationsRegistrar"
71-->[com.google.firebase:firebase-installations:16.3.4] AndroidManifest.xml:19:17-127
72                android:value="com.google.firebase.components.ComponentRegistrar" />
72-->[com.google.firebase:firebase-installations:16.3.4] AndroidManifest.xml:20:17-82
73        </service>
74
75        <activity
75-->[com.google.firebase:firebase-auth:20.0.1] AndroidManifest.xml:27:9-44:20
76            android:name="com.google.firebase.auth.internal.GenericIdpActivity"
76-->[com.google.firebase:firebase-auth:20.0.1] AndroidManifest.xml:28:13-80
77            android:excludeFromRecents="true"
77-->[com.google.firebase:firebase-auth:20.0.1] AndroidManifest.xml:29:13-46
78            android:exported="true"
78-->[com.google.firebase:firebase-auth:20.0.1] AndroidManifest.xml:30:13-36
79            android:launchMode="singleTask"
79-->[com.google.firebase:firebase-auth:20.0.1] AndroidManifest.xml:31:13-44
80            android:theme="@android:style/Theme.Translucent.NoTitleBar" >
80-->[com.google.firebase:firebase-auth:20.0.1] AndroidManifest.xml:32:13-72
81            <intent-filter>
81-->[com.google.firebase:firebase-auth:20.0.1] AndroidManifest.xml:33:13-43:29
82                <action android:name="android.intent.action.VIEW" />
82-->[com.google.firebase:firebase-auth:20.0.1] AndroidManifest.xml:34:17-69
82-->[com.google.firebase:firebase-auth:20.0.1] AndroidManifest.xml:34:25-66
83
84                <category android:name="android.intent.category.DEFAULT" />
84-->[com.google.firebase:firebase-auth:20.0.1] AndroidManifest.xml:36:17-76
84-->[com.google.firebase:firebase-auth:20.0.1] AndroidManifest.xml:36:27-73
85                <category android:name="android.intent.category.BROWSABLE" />
85-->[com.google.firebase:firebase-auth:20.0.1] AndroidManifest.xml:37:17-78
85-->[com.google.firebase:firebase-auth:20.0.1] AndroidManifest.xml:37:27-75
86
87                <data
87-->[com.google.firebase:firebase-auth:20.0.1] AndroidManifest.xml:39:17-42:51
88                    android:host="firebase.auth"
88-->[com.google.firebase:firebase-auth:20.0.1] AndroidManifest.xml:40:21-49
89                    android:path="/"
89-->[com.google.firebase:firebase-auth:20.0.1] AndroidManifest.xml:41:21-37
90                    android:scheme="genericidp" />
90-->[com.google.firebase:firebase-auth:20.0.1] AndroidManifest.xml:42:21-48
91            </intent-filter>
92        </activity>
93        <activity
93-->[com.google.firebase:firebase-auth:20.0.1] AndroidManifest.xml:45:9-62:20
94            android:name="com.google.firebase.auth.internal.RecaptchaActivity"
94-->[com.google.firebase:firebase-auth:20.0.1] AndroidManifest.xml:46:13-79
95            android:excludeFromRecents="true"
95-->[com.google.firebase:firebase-auth:20.0.1] AndroidManifest.xml:47:13-46
96            android:exported="true"
96-->[com.google.firebase:firebase-auth:20.0.1] AndroidManifest.xml:48:13-36
97            android:launchMode="singleTask"
97-->[com.google.firebase:firebase-auth:20.0.1] AndroidManifest.xml:49:13-44
98            android:theme="@android:style/Theme.Translucent.NoTitleBar" >
98-->[com.google.firebase:firebase-auth:20.0.1] AndroidManifest.xml:50:13-72
99            <intent-filter>
99-->[com.google.firebase:firebase-auth:20.0.1] AndroidManifest.xml:51:13-61:29
100                <action android:name="android.intent.action.VIEW" />
100-->[com.google.firebase:firebase-auth:20.0.1] AndroidManifest.xml:34:17-69
100-->[com.google.firebase:firebase-auth:20.0.1] AndroidManifest.xml:34:25-66
101
102                <category android:name="android.intent.category.DEFAULT" />
102-->[com.google.firebase:firebase-auth:20.0.1] AndroidManifest.xml:36:17-76
102-->[com.google.firebase:firebase-auth:20.0.1] AndroidManifest.xml:36:27-73
103                <category android:name="android.intent.category.BROWSABLE" />
103-->[com.google.firebase:firebase-auth:20.0.1] AndroidManifest.xml:37:17-78
103-->[com.google.firebase:firebase-auth:20.0.1] AndroidManifest.xml:37:27-75
104
105                <data
105-->[com.google.firebase:firebase-auth:20.0.1] AndroidManifest.xml:39:17-42:51
106                    android:host="firebase.auth"
106-->[com.google.firebase:firebase-auth:20.0.1] AndroidManifest.xml:40:21-49
107                    android:path="/"
107-->[com.google.firebase:firebase-auth:20.0.1] AndroidManifest.xml:41:21-37
108                    android:scheme="recaptcha" />
108-->[com.google.firebase:firebase-auth:20.0.1] AndroidManifest.xml:42:21-48
109            </intent-filter>
110        </activity>
111
112        <service
112-->[com.google.firebase:firebase-auth:20.0.1] AndroidManifest.xml:64:9-73:19
113            android:name="com.google.firebase.auth.api.fallback.service.FirebaseAuthFallbackService"
113-->[com.google.firebase:firebase-auth:20.0.1] AndroidManifest.xml:65:13-101
114            android:enabled="true"
114-->[com.google.firebase:firebase-auth:20.0.1] AndroidManifest.xml:66:13-35
115            android:exported="false" >
115-->[com.google.firebase:firebase-auth:20.0.1] AndroidManifest.xml:67:13-37
116            <intent-filter>
116-->[com.google.firebase:firebase-auth:20.0.1] AndroidManifest.xml:68:13-72:29
117                <action android:name="com.google.firebase.auth.api.gms.service.START" />
117-->[com.google.firebase:firebase-auth:20.0.1] AndroidManifest.xml:69:17-89
117-->[com.google.firebase:firebase-auth:20.0.1] AndroidManifest.xml:69:25-86
118
119                <category android:name="android.intent.category.DEFAULT" />
119-->[com.google.firebase:firebase-auth:20.0.1] AndroidManifest.xml:36:17-76
119-->[com.google.firebase:firebase-auth:20.0.1] AndroidManifest.xml:36:27-73
120            </intent-filter>
121        </service>
122
123        <provider
123-->[com.google.firebase:firebase-common:19.4.0] AndroidManifest.xml:26:9-31:39
124            android:name="com.google.firebase.provider.FirebaseInitProvider"
124-->[com.google.firebase:firebase-common:19.4.0] AndroidManifest.xml:27:13-77
125            android:authorities="com.e.studyapplogin.firebaseinitprovider"
125-->[com.google.firebase:firebase-common:19.4.0] AndroidManifest.xml:28:13-72
126            android:directBootAware="true"
126-->[com.google.firebase:firebase-common:19.4.0] AndroidManifest.xml:29:13-43
127            android:exported="false"
127-->[com.google.firebase:firebase-common:19.4.0] AndroidManifest.xml:30:13-37
128            android:initOrder="100" />
128-->[com.google.firebase:firebase-common:19.4.0] AndroidManifest.xml:31:13-36
129
130        <activity
130-->[com.google.android.gms:play-services-base:17.1.0] AndroidManifest.xml:23:9-26:75
131            android:name="com.google.android.gms.common.api.GoogleApiActivity"
131-->[com.google.android.gms:play-services-base:17.1.0] AndroidManifest.xml:24:13-79
132            android:exported="false"
132-->[com.google.android.gms:play-services-base:17.1.0] AndroidManifest.xml:25:13-37
133            android:theme="@android:style/Theme.Translucent.NoTitleBar" />
133-->[com.google.android.gms:play-services-base:17.1.0] AndroidManifest.xml:26:13-72
134
135        <receiver
135-->[com.google.android.gms:play-services-measurement:18.0.0] AndroidManifest.xml:29:9-33:20
136            android:name="com.google.android.gms.measurement.AppMeasurementReceiver"
136-->[com.google.android.gms:play-services-measurement:18.0.0] AndroidManifest.xml:30:13-85
137            android:enabled="true"
137-->[com.google.android.gms:play-services-measurement:18.0.0] AndroidManifest.xml:31:13-35
138            android:exported="false" >
138-->[com.google.android.gms:play-services-measurement:18.0.0] AndroidManifest.xml:32:13-37
139        </receiver>
140
141        <service
141-->[com.google.android.gms:play-services-measurement:18.0.0] AndroidManifest.xml:35:9-38:40
142            android:name="com.google.android.gms.measurement.AppMeasurementService"
142-->[com.google.android.gms:play-services-measurement:18.0.0] AndroidManifest.xml:36:13-84
143            android:enabled="true"
143-->[com.google.android.gms:play-services-measurement:18.0.0] AndroidManifest.xml:37:13-35
144            android:exported="false" />
144-->[com.google.android.gms:play-services-measurement:18.0.0] AndroidManifest.xml:38:13-37
145        <service
145-->[com.google.android.gms:play-services-measurement:18.0.0] AndroidManifest.xml:39:9-43:72
146            android:name="com.google.android.gms.measurement.AppMeasurementJobService"
146-->[com.google.android.gms:play-services-measurement:18.0.0] AndroidManifest.xml:40:13-87
147            android:enabled="true"
147-->[com.google.android.gms:play-services-measurement:18.0.0] AndroidManifest.xml:41:13-35
148            android:exported="false"
148-->[com.google.android.gms:play-services-measurement:18.0.0] AndroidManifest.xml:42:13-37
149            android:permission="android.permission.BIND_JOB_SERVICE" />
149-->[com.google.android.gms:play-services-measurement:18.0.0] AndroidManifest.xml:43:13-69
150
151        <meta-data
151-->[com.google.android.gms:play-services-basement:17.1.0] AndroidManifest.xml:23:9-25:69
152            android:name="com.google.android.gms.version"
152-->[com.google.android.gms:play-services-basement:17.1.0] AndroidManifest.xml:24:13-58
153            android:value="@integer/google_play_services_version" />
153-->[com.google.android.gms:play-services-basement:17.1.0] AndroidManifest.xml:25:13-66
154    </application>
155
156</manifest>